<?xml version="1.0" encoding="UTF-8" ?>
<testsuite tests="2" failures="1" name="TestSuite" time="2.257" errors="0" skipped="0">
  <properties>
[...]
</properties>
  <testcase classname="mp.emp.EmpPageTest" name="testNormal" time="0.888"/>
  <testcase classname="mp.emp.EmpPageTest" name="testNormal" time="0.114">
    <failure message="响应取出的数据:ghj与期望结果不一致:CC expected [true] but found [false]" type="java.lang.AssertionError">java.lang.AssertionError: 响应取出的数据:ghj与期望结果不一致:CC expected [true] but found [false]
	at org.testng.Assert.fail(Assert.java:94)
	at org.testng.Assert.failNotEquals(Assert.java:496)
	at org.testng.Assert.assertTrue(Assert.java:42)
	at util.CheckUtil.checkContent(CheckUtil.java:172)
	at util.CheckUtil.checkJson(CheckUtil.java:156)
	at util.CheckUtil.checkOne(CheckUtil.java:121)
	at util.CheckUtil.check(CheckUtil.java:105)
	at mp.emp.EmpPageTest.testNormal(EmpPageTest.java:55)
</failure>
    <system-out>2019-08-10 11:37:54  [ common.HttpRequest.get(HttpRequest.java:56) ] - [ INFO ]  请求的url:http://localhost:8082/kkx/emp/page2?current=2&amp;size=3
2019-08-10 11:37:54  [ common.HttpRequest.get(HttpRequest.java:71) ] - [ INFO ]  请求的返回code:200
2019-08-10 11:37:54  [ common.HttpRequest.get(HttpRequest.java:72) ] - [ INFO ]  请求的返回data:{&quot;records&quot;:[{&quot;id&quot;:4,&quot;empName&quot;:&quot;ghj&quot;,&quot;salary&quot;:26000.0,&quot;hiredate&quot;:&quot;2012-01-22T00:00:00.000+0000&quot;,&quot;isDelete&quot;:0},{&quot;id&quot;:5,&quot;empName&quot;:&quot;沙发&quot;,&quot;salary&quot;:16000.0,&quot;hiredate&quot;:&quot;2013-01-22T00:00:00.000+0000&quot;,&quot;isDelete&quot;:0},{&quot;id&quot;:6,&quot;empName&quot;:&quot;mm&quot;,&quot;salary&quot;:16000.0,&quot;hiredate&quot;:&quot;2013-01-22T00:00:00.000+0000&quot;,&quot;isDelete&quot;:0}],&quot;total&quot;:88,&quot;size&quot;:3,&quot;current&quot;:2,&quot;pages&quot;:30}
2019-08-10 11:37:54  [ util.CheckUtil.check(CheckUtil.java:103) ] - [ INFO ]  相应结果:{&quot;total&quot;:88,&quot;current&quot;:2,&quot;pages&quot;:30,&quot;size&quot;:3,&quot;records&quot;:[{&quot;isDelete&quot;:0,&quot;empName&quot;:&quot;ghj&quot;,&quot;id&quot;:4,&quot;salary&quot;:26000.0,&quot;hiredate&quot;:&quot;2012-01-22T00:00:00.000+0000&quot;},{&quot;isDelete&quot;:0,&quot;empName&quot;:&quot;沙发&quot;,&quot;id&quot;:5,&quot;salary&quot;:16000.0,&quot;hiredate&quot;:&quot;2013-01-22T00:00:00.000+0000&quot;},{&quot;isDelete&quot;:0,&quot;empName&quot;:&quot;mm&quot;,&quot;id&quot;:6,&quot;salary&quot;:16000.0,&quot;hiredate&quot;:&quot;2013-01-22T00:00:00.000+0000&quot;}]}
2019-08-10 11:37:54  [ util.CheckUtil.checkOne(CheckUtil.java:110) ] - [ INFO ]  检查点:json:$.records[0].empName&lt;::&gt;=:CC
</system-out>
  </testcase>
</testsuite>